0 info it worked if it ends with ok
1 verbose cli [ '/usr/bin/nodejs',
1 verbose cli   '/usr/bin/npm',
1 verbose cli   'i',
1 verbose cli   '--save',
1 verbose cli   'jsonwebtoken' ]
2 info using npm@3.10.10
3 info using node@v6.10.3
4 silly loadCurrentTree Starting
5 silly install loadCurrentTree
6 silly install readLocalPackageData
7 silly fetchPackageMetaData jsonwebtoken
8 silly fetchNamedPackageData jsonwebtoken
9 silly mapToRegistry name jsonwebtoken
10 silly mapToRegistry using default registry
11 silly mapToRegistry registry https://registry.npmjs.org/
12 silly mapToRegistry data Result {
12 silly mapToRegistry   raw: 'jsonwebtoken',
12 silly mapToRegistry   scope: null,
12 silly mapToRegistry   escapedName: 'jsonwebtoken',
12 silly mapToRegistry   name: 'jsonwebtoken',
12 silly mapToRegistry   rawSpec: '',
12 silly mapToRegistry   spec: 'latest',
12 silly mapToRegistry   type: 'tag' }
13 silly mapToRegistry uri https://registry.npmjs.org/jsonwebtoken
14 verbose request uri https://registry.npmjs.org/jsonwebtoken
15 verbose request no auth needed
16 info attempt registry request try #1 at 12:24:31 AM
17 verbose request using bearer token for auth
18 verbose request id 9d233ef076ceacc6
19 http request GET https://registry.npmjs.org/jsonwebtoken
20 http 200 https://registry.npmjs.org/jsonwebtoken
21 verbose headers { server: 'nginx/1.10.1',
21 verbose headers   'content-type': 'application/json',
21 verbose headers   'last-modified': 'Wed, 17 May 2017 09:37:05 GMT',
21 verbose headers   etag: 'W/"591c19c1-1aeb9"',
21 verbose headers   'content-encoding': 'gzip',
21 verbose headers   'cache-control': 'max-age=300',
21 verbose headers   'transfer-encoding': 'chunked',
21 verbose headers   'accept-ranges': 'bytes',
21 verbose headers   date: 'Fri, 19 May 2017 05:24:32 GMT',
21 verbose headers   via: '1.1 varnish',
21 verbose headers   connection: 'keep-alive',
21 verbose headers   'x-served-by': 'cache-atl6230-ATL',
21 verbose headers   'x-cache': 'MISS',
21 verbose headers   'x-cache-hits': '0',
21 verbose headers   'x-timer': 'S1495171472.941487,VS0,VE205',
21 verbose headers   vary: 'Accept-Encoding' }
22 silly get cb [ 200,
22 silly get   { server: 'nginx/1.10.1',
22 silly get     'content-type': 'application/json',
22 silly get     'last-modified': 'Wed, 17 May 2017 09:37:05 GMT',
22 silly get     etag: 'W/"591c19c1-1aeb9"',
22 silly get     'content-encoding': 'gzip',
22 silly get     'cache-control': 'max-age=300',
22 silly get     'transfer-encoding': 'chunked',
22 silly get     'accept-ranges': 'bytes',
22 silly get     date: 'Fri, 19 May 2017 05:24:32 GMT',
22 silly get     via: '1.1 varnish',
22 silly get     connection: 'keep-alive',
22 silly get     'x-served-by': 'cache-atl6230-ATL',
22 silly get     'x-cache': 'MISS',
22 silly get     'x-cache-hits': '0',
22 silly get     'x-timer': 'S1495171472.941487,VS0,VE205',
22 silly get     vary: 'Accept-Encoding' } ]
23 verbose get saving jsonwebtoken to /home/javier/.npm/registry.npmjs.org/jsonwebtoken/.cache.json
24 verbose correctMkdir /home/javier/.npm correctMkdir not in flight; initializing
25 verbose makeDirectory /home/javier/.npm creation not in flight; initializing
26 silly makeDirectory /home/javier/.npm uid: 1000 gid: 1000
27 silly install normalizeTree
28 silly loadCurrentTree Finishing
29 silly loadIdealTree Starting
30 silly install loadIdealTree
31 silly cloneCurrentTree Starting
32 silly install cloneCurrentTreeToIdealTree
33 silly cloneCurrentTree Finishing
34 silly loadShrinkwrap Starting
35 silly install loadShrinkwrap
36 silly loadShrinkwrap Finishing
37 silly loadAllDepsIntoIdealTree Starting
38 silly install loadAllDepsIntoIdealTree
39 silly resolveWithNewModule jsonwebtoken@7.4.1 checking installable status
40 silly cache add args [ 'jsonwebtoken', null ]
41 verbose cache add spec jsonwebtoken
42 silly cache add parsed spec Result {
42 silly cache add   raw: 'jsonwebtoken',
42 silly cache add   scope: null,
42 silly cache add   escapedName: 'jsonwebtoken',
42 silly cache add   name: 'jsonwebtoken',
42 silly cache add   rawSpec: '',
42 silly cache add   spec: 'latest',
42 silly cache add   type: 'tag' }
43 silly addNamed jsonwebtoken@latest
44 verbose addNamed "latest" is being treated as a dist-tag for jsonwebtoken
45 info addNameTag [ 'jsonwebtoken', 'latest' ]
46 silly mapToRegistry name jsonwebtoken
47 silly mapToRegistry using default registry
48 silly mapToRegistry registry https://registry.npmjs.org/
49 silly mapToRegistry data Result {
49 silly mapToRegistry   raw: 'jsonwebtoken',
49 silly mapToRegistry   scope: null,
49 silly mapToRegistry   escapedName: 'jsonwebtoken',
49 silly mapToRegistry   name: 'jsonwebtoken',
49 silly mapToRegistry   rawSpec: '',
49 silly mapToRegistry   spec: 'latest',
49 silly mapToRegistry   type: 'tag' }
50 silly mapToRegistry uri https://registry.npmjs.org/jsonwebtoken
51 verbose addNameTag registry:https://registry.npmjs.org/jsonwebtoken not in flight; fetching
52 verbose get https://registry.npmjs.org/jsonwebtoken not expired, no request
53 silly addNameTag next cb for jsonwebtoken with tag latest
54 silly addNamed jsonwebtoken@7.4.1
55 verbose addNamed "7.4.1" is a plain semver version for jsonwebtoken
56 silly mapToRegistry name jsonwebtoken
57 silly mapToRegistry using default registry
58 silly mapToRegistry registry https://registry.npmjs.org/
59 silly mapToRegistry data Result {
59 silly mapToRegistry   raw: 'jsonwebtoken',
59 silly mapToRegistry   scope: null,
59 silly mapToRegistry   escapedName: 'jsonwebtoken',
59 silly mapToRegistry   name: 'jsonwebtoken',
59 silly mapToRegistry   rawSpec: '',
59 silly mapToRegistry   spec: 'latest',
59 silly mapToRegistry   type: 'tag' }
60 silly mapToRegistry uri https://registry.npmjs.org/jsonwebtoken
61 verbose addRemoteTarball https://registry.npmjs.org/jsonwebtoken/-/jsonwebtoken-7.4.1.tgz not in flight; adding
62 verbose addRemoteTarball [ 'https://registry.npmjs.org/jsonwebtoken/-/jsonwebtoken-7.4.1.tgz',
62 verbose addRemoteTarball   '7ca324f5215f8be039cd35a6c45bb8cb74a448fb' ]
63 info retry fetch attempt 1 at 12:24:33 AM
64 info attempt registry request try #1 at 12:24:33 AM
65 http fetch GET https://registry.npmjs.org/jsonwebtoken/-/jsonwebtoken-7.4.1.tgz
66 verbose request using bearer token for auth
67 http fetch 200 https://registry.npmjs.org/jsonwebtoken/-/jsonwebtoken-7.4.1.tgz
68 silly fetchAndShaCheck shasum 7ca324f5215f8be039cd35a6c45bb8cb74a448fb
69 verbose addTmpTarball /tmp/npm-23122-4e878c8c/registry.npmjs.org/jsonwebtoken/-/jsonwebtoken-7.4.1.tgz not in flight; adding
70 verbose addTmpTarball already have metadata; skipping unpack for jsonwebtoken@7.4.1
71 verbose correctMkdir /home/javier/.npm correctMkdir not in flight; initializing
72 silly cache afterAdd jsonwebtoken@7.4.1
73 verbose afterAdd /home/javier/.npm/jsonwebtoken/7.4.1/package/package.json not in flight; writing
74 verbose correctMkdir /home/javier/.npm correctMkdir not in flight; initializing
75 verbose afterAdd /home/javier/.npm/jsonwebtoken/7.4.1/package/package.json written
76 silly fetchNamedPackageData joi
77 silly mapToRegistry name joi
78 silly mapToRegistry using default registry
79 silly mapToRegistry registry https://registry.npmjs.org/
80 silly mapToRegistry data Result {
80 silly mapToRegistry   raw: 'joi',
80 silly mapToRegistry   scope: null,
80 silly mapToRegistry   escapedName: 'joi',
80 silly mapToRegistry   name: 'joi',
80 silly mapToRegistry   rawSpec: '',
80 silly mapToRegistry   spec: 'latest',
80 silly mapToRegistry   type: 'tag' }
81 silly mapToRegistry uri https://registry.npmjs.org/joi
82 silly fetchNamedPackageData jws
83 silly mapToRegistry name jws
84 silly mapToRegistry using default registry
85 silly mapToRegistry registry https://registry.npmjs.org/
86 silly mapToRegistry data Result {
86 silly mapToRegistry   raw: 'jws',
86 silly mapToRegistry   scope: null,
86 silly mapToRegistry   escapedName: 'jws',
86 silly mapToRegistry   name: 'jws',
86 silly mapToRegistry   rawSpec: '',
86 silly mapToRegistry   spec: 'latest',
86 silly mapToRegistry   type: 'tag' }
87 silly mapToRegistry uri https://registry.npmjs.org/jws
88 silly fetchNamedPackageData lodash.once
89 silly mapToRegistry name lodash.once
90 silly mapToRegistry using default registry
91 silly mapToRegistry registry https://registry.npmjs.org/
92 silly mapToRegistry data Result {
92 silly mapToRegistry   raw: 'lodash.once',
92 silly mapToRegistry   scope: null,
92 silly mapToRegistry   escapedName: 'lodash.once',
92 silly mapToRegistry   name: 'lodash.once',
92 silly mapToRegistry   rawSpec: '',
92 silly mapToRegistry   spec: 'latest',
92 silly mapToRegistry   type: 'tag' }
93 silly mapToRegistry uri https://registry.npmjs.org/lodash.once
94 silly fetchNamedPackageData ms
95 silly mapToRegistry name ms
96 silly mapToRegistry using default registry
97 silly mapToRegistry registry https://registry.npmjs.org/
98 silly mapToRegistry data Result {
98 silly mapToRegistry   raw: 'ms',
98 silly mapToRegistry   scope: null,
98 silly mapToRegistry   escapedName: 'ms',
98 silly mapToRegistry   name: 'ms',
98 silly mapToRegistry   rawSpec: '',
98 silly mapToRegistry   spec: 'latest',
98 silly mapToRegistry   type: 'tag' }
99 silly mapToRegistry uri https://registry.npmjs.org/ms
100 verbose request uri https://registry.npmjs.org/joi
101 verbose request no auth needed
102 info attempt registry request try #1 at 12:24:33 AM
103 verbose request using bearer token for auth
104 http request GET https://registry.npmjs.org/joi
105 verbose request uri https://registry.npmjs.org/jws
106 verbose request no auth needed
107 info attempt registry request try #1 at 12:24:33 AM
108 verbose request using bearer token for auth
109 http request GET https://registry.npmjs.org/jws
110 verbose request uri https://registry.npmjs.org/lodash.once
111 verbose request no auth needed
112 info attempt registry request try #1 at 12:24:33 AM
113 verbose request using bearer token for auth
114 http request GET https://registry.npmjs.org/lodash.once
115 verbose request uri https://registry.npmjs.org/ms
116 verbose request no auth needed
117 info attempt registry request try #1 at 12:24:33 AM
118 verbose request using bearer token for auth
119 http request GET https://registry.npmjs.org/ms
120 http 200 https://registry.npmjs.org/joi
121 verbose headers { server: 'nginx/1.10.1',
121 verbose headers   'content-type': 'application/json',
121 verbose headers   'last-modified': 'Thu, 18 May 2017 15:44:51 GMT',
121 verbose headers   etag: 'W/"591dc173-33028"',
121 verbose headers   'content-encoding': 'gzip',
121 verbose headers   'cache-control': 'max-age=300',
121 verbose headers   'transfer-encoding': 'chunked',
121 verbose headers   'accept-ranges': 'bytes',
121 verbose headers   date: 'Fri, 19 May 2017 05:24:33 GMT',
121 verbose headers   via: '1.1 varnish',
121 verbose headers   connection: 'keep-alive',
121 verbose headers   'x-served-by': 'cache-atl6230-ATL',
121 verbose headers   'x-cache': 'MISS',
121 verbose headers   'x-cache-hits': '0',
121 verbose headers   'x-timer': 'S1495171474.580314,VS0,VE86',
121 verbose headers   vary: 'Accept-Encoding' }
122 silly get cb [ 200,
122 silly get   { server: 'nginx/1.10.1',
122 silly get     'content-type': 'application/json',
122 silly get     'last-modified': 'Thu, 18 May 2017 15:44:51 GMT',
122 silly get     etag: 'W/"591dc173-33028"',
122 silly get     'content-encoding': 'gzip',
122 silly get     'cache-control': 'max-age=300',
122 silly get     'transfer-encoding': 'chunked',
122 silly get     'accept-ranges': 'bytes',
122 silly get     date: 'Fri, 19 May 2017 05:24:33 GMT',
122 silly get     via: '1.1 varnish',
122 silly get     connection: 'keep-alive',
122 silly get     'x-served-by': 'cache-atl6230-ATL',
122 silly get     'x-cache': 'MISS',
122 silly get     'x-cache-hits': '0',
122 silly get     'x-timer': 'S1495171474.580314,VS0,VE86',
122 silly get     vary: 'Accept-Encoding' } ]
123 verbose get saving joi to /home/javier/.npm/registry.npmjs.org/joi/.cache.json
124 verbose correctMkdir /home/javier/.npm correctMkdir not in flight; initializing
125 silly resolveWithNewModule joi@6.10.1 checking installable status
126 silly cache add args [ 'joi@^6.10.1', null ]
127 verbose cache add spec joi@^6.10.1
128 silly cache add parsed spec Result {
128 silly cache add   raw: 'joi@^6.10.1',
128 silly cache add   scope: null,
128 silly cache add   escapedName: 'joi',
128 silly cache add   name: 'joi',
128 silly cache add   rawSpec: '^6.10.1',
128 silly cache add   spec: '>=6.10.1 <7.0.0',
128 silly cache add   type: 'range' }
129 silly addNamed joi@>=6.10.1 <7.0.0
130 verbose addNamed ">=6.10.1 <7.0.0" is a valid semver range for joi
131 silly addNameRange { name: 'joi', range: '>=6.10.1 <7.0.0', hasData: false }
132 silly mapToRegistry name joi
133 silly mapToRegistry using default registry
134 silly mapToRegistry registry https://registry.npmjs.org/
135 silly mapToRegistry data Result {
135 silly mapToRegistry   raw: 'joi',
135 silly mapToRegistry   scope: null,
135 silly mapToRegistry   escapedName: 'joi',
135 silly mapToRegistry   name: 'joi',
135 silly mapToRegistry   rawSpec: '',
135 silly mapToRegistry   spec: 'latest',
135 silly mapToRegistry   type: 'tag' }
136 silly mapToRegistry uri https://registry.npmjs.org/joi
137 verbose addNameRange registry:https://registry.npmjs.org/joi not in flight; fetching
138 verbose get https://registry.npmjs.org/joi not expired, no request
139 silly addNameRange number 2 { name: 'joi', range: '>=6.10.1 <7.0.0', hasData: true }
140 silly addNameRange versions [ 'joi',
140 silly addNameRange   [ '0.0.1',
140 silly addNameRange     '0.0.2',
140 silly addNameRange     '0.0.3',
140 silly addNameRange     '0.0.4',
140 silly addNameRange     '0.0.5',
140 silly addNameRange     '0.0.6',
140 silly addNameRange     '0.0.6-1',
140 silly addNameRange     '0.0.7',
140 silly addNameRange     '0.0.8',
140 silly addNameRange     '0.0.9',
140 silly addNameRange     '0.0.10',
140 silly addNameRange     '0.1.0',
140 silly addNameRange     '0.1.1',
140 silly addNameRange     '0.1.2',
140 silly addNameRange     '0.1.3',
140 silly addNameRange     '0.2.0',
140 silly addNameRange     '0.2.1',
140 silly addNameRange     '0.2.2',
140 silly addNameRange     '0.2.3',
140 silly addNameRange     '0.2.4',
140 silly addNameRange     '0.2.5',
140 silly addNameRange     '0.2.6',
140 silly addNameRange     '0.3.0',
140 silly addNameRange     '0.3.1',
140 silly addNameRange     '0.3.2',
140 silly addNameRange     '0.3.3',
140 silly addNameRange     '0.3.4',
140 silly addNameRange     '0.3.5',
140 silly addNameRange     '0.3.6',
140 silly addNameRange     '0.4.0',
140 silly addNameRange     '1.0.0',
140 silly addNameRange     '1.1.0',
140 silly addNameRange     '1.2.0',
140 silly addNameRange     '1.2.1',
140 silly addNameRange     '1.2.2',
140 silly addNameRange     '1.2.3',
140 silly addNameRange     '2.0.0',
140 silly addNameRange     '2.0.1',
140 silly addNameRange     '2.0.2',
140 silly addNameRange     '2.0.3',
140 silly addNameRange     '2.1.0',
140 silly addNameRange     '2.2.0',
140 silly addNameRange     '2.3.0',
140 silly addNameRange     '2.3.1',
140 silly addNameRange     '2.4.1',
140 silly addNameRange     '2.4.2',
140 silly addNameRange     '2.4.3',
140 silly addNameRange     '2.5.0',
140 silly addNameRange     '2.6.0',
140 silly addNameRange     '2.7.0',
140 silly addNameRange     '2.8.0',
140 silly addNameRange     '2.9.0',
140 silly addNameRange     '3.0.0',
140 silly addNameRange     '3.1.0',
140 silly addNameRange     '4.0.0',
140 silly addNameRange     '4.2.1',
140 silly addNameRange     '4.3.0',
140 silly addNameRange     '4.3.1',
140 silly addNameRange     '4.4.0',
140 silly addNameRange     '4.5.0',
140 silly addNameRange     '4.6.0',
140 silly addNameRange     '4.6.1',
140 silly addNameRange     '4.6.2',
140 silly addNameRange     '4.7.0',
140 silly addNameRange     '4.8.0',
140 silly addNameRange     '4.8.1',
140 silly addNameRange     '4.9.0',
140 silly addNameRange     '5.0.0',
140 silly addNameRange     '5.0.1',
140 silly addNameRange     '5.0.2',
140 silly addNameRange     '5.1.0',
140 silly addNameRange     '6.0.0',
140 silly addNameRange     '6.0.1',
140 silly addNameRange     '6.0.2',
140 silly addNameRange     '6.0.3',
140 silly addNameRange     '6.0.4',
140 silly addNameRange     '6.0.5',
140 silly addNameRange     '6.0.6',
140 silly addNameRange     '6.0.7',
140 silly addNameRange     '6.0.8',
140 silly addNameRange     '6.1.0',
140 silly addNameRange     '6.1.1',
140 silly addNameRange     '6.1.2',
140 silly addNameRange     '6.2.0',
140 silly addNameRange     '6.3.0',
140 silly addNameRange     '6.4.0',
140 silly addNameRange     '6.4.1',
140 silly addNameRange     '6.4.2',
140 silly addNameRange     '6.4.3',
140 silly addNameRange     '6.5.0',
140 silly addNameRange     '6.6.0',
140 silly addNameRange     '6.6.1',
140 silly addNameRange     '6.7.0',
140 silly addNameRange     '6.7.1',
140 silly addNameRange     '6.8.1',
140 silly addNameRange     '6.9.0',
140 silly addNameRange     '6.9.1',
140 silly addNameRange     '6.10.0',
140 silly addNameRange     '7.0.0',
140 silly addNameRange     '6.10.1',
140 silly addNameRange     ... 58 more items ] ]
141 silly addNamed joi@6.10.1
142 verbose addNamed "6.10.1" is a plain semver version for joi
143 silly mapToRegistry name joi
144 silly mapToRegistry using default registry
145 silly mapToRegistry registry https://registry.npmjs.org/
146 silly mapToRegistry data Result {
146 silly mapToRegistry   raw: 'joi',
146 silly mapToRegistry   scope: null,
146 silly mapToRegistry   escapedName: 'joi',
146 silly mapToRegistry   name: 'joi',
146 silly mapToRegistry   rawSpec: '',
146 silly mapToRegistry   spec: 'latest',
146 silly mapToRegistry   type: 'tag' }
147 silly mapToRegistry uri https://registry.npmjs.org/joi
148 verbose addRemoteTarball https://registry.npmjs.org/joi/-/joi-6.10.1.tgz not in flight; adding
149 verbose addRemoteTarball [ 'https://registry.npmjs.org/joi/-/joi-6.10.1.tgz',
149 verbose addRemoteTarball   '4d50c318079122000fe5f16af1ff8e1917b77e06' ]
150 info retry fetch attempt 1 at 12:24:33 AM
151 info attempt registry request try #1 at 12:24:33 AM
152 http fetch GET https://registry.npmjs.org/joi/-/joi-6.10.1.tgz
153 verbose request using bearer token for auth
154 http 200 https://registry.npmjs.org/jws
155 verbose headers { server: 'nginx/1.10.1',
155 verbose headers   'content-type': 'application/json',
155 verbose headers   'last-modified': 'Sat, 25 Mar 2017 20:09:54 GMT',
155 verbose headers   etag: 'W/"58d6ce92-6b86"',
155 verbose headers   'content-encoding': 'gzip',
155 verbose headers   'cache-control': 'max-age=300',
155 verbose headers   'transfer-encoding': 'chunked',
155 verbose headers   'accept-ranges': 'bytes',
155 verbose headers   date: 'Fri, 19 May 2017 05:24:33 GMT',
155 verbose headers   via: '1.1 varnish',
155 verbose headers   connection: 'keep-alive',
155 verbose headers   'x-served-by': 'cache-atl6234-ATL',
155 verbose headers   'x-cache': 'MISS',
155 verbose headers   'x-cache-hits': '0',
155 verbose headers   'x-timer': 'S1495171474.730249,VS0,VE43',
155 verbose headers   vary: 'Accept-Encoding' }
156 silly get cb [ 200,
156 silly get   { server: 'nginx/1.10.1',
156 silly get     'content-type': 'application/json',
156 silly get     'last-modified': 'Sat, 25 Mar 2017 20:09:54 GMT',
156 silly get     etag: 'W/"58d6ce92-6b86"',
156 silly get     'content-encoding': 'gzip',
156 silly get     'cache-control': 'max-age=300',
156 silly get     'transfer-encoding': 'chunked',
156 silly get     'accept-ranges': 'bytes',
156 silly get     date: 'Fri, 19 May 2017 05:24:33 GMT',
156 silly get     via: '1.1 varnish',
156 silly get     connection: 'keep-alive',
156 silly get     'x-served-by': 'cache-atl6234-ATL',
156 silly get     'x-cache': 'MISS',
156 silly get     'x-cache-hits': '0',
156 silly get     'x-timer': 'S1495171474.730249,VS0,VE43',
156 silly get     vary: 'Accept-Encoding' } ]
157 verbose get saving jws to /home/javier/.npm/registry.npmjs.org/jws/.cache.json
158 verbose correctMkdir /home/javier/.npm correctMkdir not in flight; initializing
159 silly resolveWithNewModule jws@3.1.4 checking installable status
160 silly cache add args [ 'jws@^3.1.4', null ]
161 verbose cache add spec jws@^3.1.4
162 silly cache add parsed spec Result {
162 silly cache add   raw: 'jws@^3.1.4',
162 silly cache add   scope: null,
162 silly cache add   escapedName: 'jws',
162 silly cache add   name: 'jws',
162 silly cache add   rawSpec: '^3.1.4',
162 silly cache add   spec: '>=3.1.4 <4.0.0',
162 silly cache add   type: 'range' }
163 silly addNamed jws@>=3.1.4 <4.0.0
164 verbose addNamed ">=3.1.4 <4.0.0" is a valid semver range for jws
165 silly addNameRange { name: 'jws', range: '>=3.1.4 <4.0.0', hasData: false }
166 silly mapToRegistry name jws
167 silly mapToRegistry using default registry
168 silly mapToRegistry registry https://registry.npmjs.org/
169 silly mapToRegistry data Result {
169 silly mapToRegistry   raw: 'jws',
169 silly mapToRegistry   scope: null,
169 silly mapToRegistry   escapedName: 'jws',
169 silly mapToRegistry   name: 'jws',
169 silly mapToRegistry   rawSpec: '',
169 silly mapToRegistry   spec: 'latest',
169 silly mapToRegistry   type: 'tag' }
170 silly mapToRegistry uri https://registry.npmjs.org/jws
171 verbose addNameRange registry:https://registry.npmjs.org/jws not in flight; fetching
172 verbose get https://registry.npmjs.org/jws not expired, no request
173 silly addNameRange number 2 { name: 'jws', range: '>=3.1.4 <4.0.0', hasData: true }
174 silly addNameRange versions [ 'jws',
174 silly addNameRange   [ '0.0.1',
174 silly addNameRange     '0.0.2',
174 silly addNameRange     '0.2.0',
174 silly addNameRange     '0.2.1',
174 silly addNameRange     '0.2.2',
174 silly addNameRange     '0.2.3',
174 silly addNameRange     '0.2.4',
174 silly addNameRange     '0.2.5',
174 silly addNameRange     '0.2.6',
174 silly addNameRange     '1.0.0',
174 silly addNameRange     '1.0.1',
174 silly addNameRange     '2.0.0',
174 silly addNameRange     '3.0.0',
174 silly addNameRange     '3.1.0',
174 silly addNameRange     '3.1.1',
174 silly addNameRange     '3.1.2',
174 silly addNameRange     '3.1.3',
174 silly addNameRange     '3.1.4' ] ]
175 silly addNamed jws@3.1.4
176 verbose addNamed "3.1.4" is a plain semver version for jws
177 silly mapToRegistry name jws
178 silly mapToRegistry using default registry
179 silly mapToRegistry registry https://registry.npmjs.org/
180 silly mapToRegistry data Result {
180 silly mapToRegistry   raw: 'jws',
180 silly mapToRegistry   scope: null,
180 silly mapToRegistry   escapedName: 'jws',
180 silly mapToRegistry   name: 'jws',
180 silly mapToRegistry   rawSpec: '',
180 silly mapToRegistry   spec: 'latest',
180 silly mapToRegistry   type: 'tag' }
181 silly mapToRegistry uri https://registry.npmjs.org/jws
182 verbose addRemoteTarball https://registry.npmjs.org/jws/-/jws-3.1.4.tgz not in flight; adding
183 verbose addRemoteTarball [ 'https://registry.npmjs.org/jws/-/jws-3.1.4.tgz',
183 verbose addRemoteTarball   'f9e8b9338e8a847277d6444b1464f61880e050a2' ]
184 info retry fetch attempt 1 at 12:24:33 AM
185 info attempt registry request try #1 at 12:24:33 AM
186 http fetch GET https://registry.npmjs.org/jws/-/jws-3.1.4.tgz
187 verbose request using bearer token for auth
188 http 200 https://registry.npmjs.org/lodash.once
189 verbose headers { server: 'nginx/1.10.1',
189 verbose headers   'content-type': 'application/json',
189 verbose headers   'last-modified': 'Thu, 06 Oct 2016 16:49:54 GMT',
189 verbose headers   etag: 'W/"57f680b2-4e80"',
189 verbose headers   'content-encoding': 'gzip',
189 verbose headers   'cache-control': 'max-age=300',
189 verbose headers   'transfer-encoding': 'chunked',
189 verbose headers   'accept-ranges': 'bytes',
189 verbose headers   date: 'Fri, 19 May 2017 05:24:33 GMT',
189 verbose headers   via: '1.1 varnish',
189 verbose headers   connection: 'keep-alive',
189 verbose headers   'x-served-by': 'cache-atl6229-ATL',
189 verbose headers   'x-cache': 'MISS',
189 verbose headers   'x-cache-hits': '0',
189 verbose headers   'x-timer': 'S1495171474.810323,VS0,VE39',
189 verbose headers   vary: 'Accept-Encoding' }
190 silly get cb [ 200,
190 silly get   { server: 'nginx/1.10.1',
190 silly get     'content-type': 'application/json',
190 silly get     'last-modified': 'Thu, 06 Oct 2016 16:49:54 GMT',
190 silly get     etag: 'W/"57f680b2-4e80"',
190 silly get     'content-encoding': 'gzip',
190 silly get     'cache-control': 'max-age=300',
190 silly get     'transfer-encoding': 'chunked',
190 silly get     'accept-ranges': 'bytes',
190 silly get     date: 'Fri, 19 May 2017 05:24:33 GMT',
190 silly get     via: '1.1 varnish',
190 silly get     connection: 'keep-alive',
190 silly get     'x-served-by': 'cache-atl6229-ATL',
190 silly get     'x-cache': 'MISS',
190 silly get     'x-cache-hits': '0',
190 silly get     'x-timer': 'S1495171474.810323,VS0,VE39',
190 silly get     vary: 'Accept-Encoding' } ]
191 verbose get saving lodash.once to /home/javier/.npm/registry.npmjs.org/lodash.once/.cache.json
192 verbose correctMkdir /home/javier/.npm correctMkdir not in flight; initializing
193 silly resolveWithNewModule lodash.once@4.1.1 checking installable status
194 silly cache add args [ 'lodash.once@^4.0.0', null ]
195 verbose cache add spec lodash.once@^4.0.0
196 silly cache add parsed spec Result {
196 silly cache add   raw: 'lodash.once@^4.0.0',
196 silly cache add   scope: null,
196 silly cache add   escapedName: 'lodash.once',
196 silly cache add   name: 'lodash.once',
196 silly cache add   rawSpec: '^4.0.0',
196 silly cache add   spec: '>=4.0.0 <5.0.0',
196 silly cache add   type: 'range' }
197 silly addNamed lodash.once@>=4.0.0 <5.0.0
198 verbose addNamed ">=4.0.0 <5.0.0" is a valid semver range for lodash.once
199 silly addNameRange { name: 'lodash.once', range: '>=4.0.0 <5.0.0', hasData: false }
200 silly mapToRegistry name lodash.once
201 silly mapToRegistry using default registry
202 silly mapToRegistry registry https://registry.npmjs.org/
203 silly mapToRegistry data Result {
203 silly mapToRegistry   raw: 'lodash.once',
203 silly mapToRegistry   scope: null,
203 silly mapToRegistry   escapedName: 'lodash.once',
203 silly mapToRegistry   name: 'lodash.once',
203 silly mapToRegistry   rawSpec: '',
203 silly mapToRegistry   spec: 'latest',
203 silly mapToRegistry   type: 'tag' }
204 silly mapToRegistry uri https://registry.npmjs.org/lodash.once
205 verbose addNameRange registry:https://registry.npmjs.org/lodash.once not in flight; fetching
206 verbose get https://registry.npmjs.org/lodash.once not expired, no request
207 silly addNameRange number 2 { name: 'lodash.once', range: '>=4.0.0 <5.0.0', hasData: true }
208 silly addNameRange versions [ 'lodash.once',
208 silly addNameRange   [ '2.0.0',
208 silly addNameRange     '2.1.0',
208 silly addNameRange     '2.2.0',
208 silly addNameRange     '2.2.1',
208 silly addNameRange     '2.3.0',
208 silly addNameRange     '2.4.0',
208 silly addNameRange     '2.4.1',
208 silly addNameRange     '3.0.0',
208 silly addNameRange     '3.0.1',
208 silly addNameRange     '4.0.0',
208 silly addNameRange     '4.1.0',
208 silly addNameRange     '4.1.1' ] ]
209 silly addNamed lodash.once@4.1.1
210 verbose addNamed "4.1.1" is a plain semver version for lodash.once
211 silly mapToRegistry name lodash.once
212 silly mapToRegistry using default registry
213 silly mapToRegistry registry https://registry.npmjs.org/
214 silly mapToRegistry data Result {
214 silly mapToRegistry   raw: 'lodash.once',
214 silly mapToRegistry   scope: null,
214 silly mapToRegistry   escapedName: 'lodash.once',
214 silly mapToRegistry   name: 'lodash.once',
214 silly mapToRegistry   rawSpec: '',
214 silly mapToRegistry   spec: 'latest',
214 silly mapToRegistry   type: 'tag' }
215 silly mapToRegistry uri https://registry.npmjs.org/lodash.once
216 verbose addRemoteTarball https://registry.npmjs.org/lodash.once/-/lodash.once-4.1.1.tgz not in flight; adding
217 verbose addRemoteTarball [ 'https://registry.npmjs.org/lodash.once/-/lodash.once-4.1.1.tgz',
217 verbose addRemoteTarball   '0dd3971213c7c56df880977d504c88fb471a97ac' ]
218 info retry fetch attempt 1 at 12:24:33 AM
219 info attempt registry request try #1 at 12:24:33 AM
220 http fetch GET https://registry.npmjs.org/lodash.once/-/lodash.once-4.1.1.tgz
221 verbose request using bearer token for auth
222 http fetch 200 https://registry.npmjs.org/jws/-/jws-3.1.4.tgz
223 silly fetchAndShaCheck shasum f9e8b9338e8a847277d6444b1464f61880e050a2
224 verbose addTmpTarball /tmp/npm-23122-4e878c8c/registry.npmjs.org/jws/-/jws-3.1.4.tgz not in flight; adding
225 verbose addTmpTarball already have metadata; skipping unpack for jws@3.1.4
226 verbose correctMkdir /home/javier/.npm correctMkdir not in flight; initializing
227 silly cache afterAdd jws@3.1.4
228 verbose afterAdd /home/javier/.npm/jws/3.1.4/package/package.json not in flight; writing
229 verbose correctMkdir /home/javier/.npm correctMkdir not in flight; initializing
230 verbose afterAdd /home/javier/.npm/jws/3.1.4/package/package.json written
231 http fetch 200 https://registry.npmjs.org/joi/-/joi-6.10.1.tgz
232 http fetch 200 https://registry.npmjs.org/lodash.once/-/lodash.once-4.1.1.tgz
233 silly fetchAndShaCheck shasum 0dd3971213c7c56df880977d504c88fb471a97ac
234 verbose addTmpTarball /tmp/npm-23122-4e878c8c/registry.npmjs.org/lodash.once/-/lodash.once-4.1.1.tgz not in flight; adding
235 verbose addTmpTarball already have metadata; skipping unpack for lodash.once@4.1.1
236 verbose correctMkdir /home/javier/.npm correctMkdir not in flight; initializing
237 silly cache afterAdd lodash.once@4.1.1
238 verbose afterAdd /home/javier/.npm/lodash.once/4.1.1/package/package.json not in flight; writing
239 verbose correctMkdir /home/javier/.npm correctMkdir not in flight; initializing
240 verbose afterAdd /home/javier/.npm/lodash.once/4.1.1/package/package.json written
241 http 200 https://registry.npmjs.org/ms
242 verbose headers { server: 'nginx/1.10.1',
242 verbose headers   'content-type': 'application/json',
242 verbose headers   'last-modified': 'Fri, 19 May 2017 03:50:52 GMT',
242 verbose headers   etag: 'W/"591e6b9c-3b76"',
242 verbose headers   'content-encoding': 'gzip',
242 verbose headers   'cache-control': 'max-age=300',
242 verbose headers   'transfer-encoding': 'chunked',
242 verbose headers   'accept-ranges': 'bytes',
242 verbose headers   date: 'Fri, 19 May 2017 05:24:34 GMT',
242 verbose headers   via: '1.1 varnish',
242 verbose headers   connection: 'keep-alive',
242 verbose headers   'x-served-by': 'cache-atl6240-ATL',
242 verbose headers   'x-cache': 'MISS',
242 verbose headers   'x-cache-hits': '0',
242 verbose headers   'x-timer': 'S1495171474.810951,VS0,VE193',
242 verbose headers   vary: 'Accept-Encoding' }
243 silly get cb [ 200,
243 silly get   { server: 'nginx/1.10.1',
243 silly get     'content-type': 'application/json',
243 silly get     'last-modified': 'Fri, 19 May 2017 03:50:52 GMT',
243 silly get     etag: 'W/"591e6b9c-3b76"',
243 silly get     'content-encoding': 'gzip',
243 silly get     'cache-control': 'max-age=300',
243 silly get     'transfer-encoding': 'chunked',
243 silly get     'accept-ranges': 'bytes',
243 silly get     date: 'Fri, 19 May 2017 05:24:34 GMT',
243 silly get     via: '1.1 varnish',
243 silly get     connection: 'keep-alive',
243 silly get     'x-served-by': 'cache-atl6240-ATL',
243 silly get     'x-cache': 'MISS',
243 silly get     'x-cache-hits': '0',
243 silly get     'x-timer': 'S1495171474.810951,VS0,VE193',
243 silly get     vary: 'Accept-Encoding' } ]
244 verbose get saving ms to /home/javier/.npm/registry.npmjs.org/ms/.cache.json
245 verbose correctMkdir /home/javier/.npm correctMkdir not in flight; initializing
246 silly resolveWithNewModule ms@2.0.0 checking installable status
247 silly cache add args [ 'ms@^2.0.0', null ]
248 verbose cache add spec ms@^2.0.0
249 silly cache add parsed spec Result {
249 silly cache add   raw: 'ms@^2.0.0',
249 silly cache add   scope: null,
249 silly cache add   escapedName: 'ms',
249 silly cache add   name: 'ms',
249 silly cache add   rawSpec: '^2.0.0',
249 silly cache add   spec: '>=2.0.0 <3.0.0',
249 silly cache add   type: 'range' }
250 silly addNamed ms@>=2.0.0 <3.0.0
251 verbose addNamed ">=2.0.0 <3.0.0" is a valid semver range for ms
252 silly addNameRange { name: 'ms', range: '>=2.0.0 <3.0.0', hasData: false }
253 silly mapToRegistry name ms
254 silly mapToRegistry using default registry
255 silly mapToRegistry registry https://registry.npmjs.org/
256 silly mapToRegistry data Result {
256 silly mapToRegistry   raw: 'ms',
256 silly mapToRegistry   scope: null,
256 silly mapToRegistry   escapedName: 'ms',
256 silly mapToRegistry   name: 'ms',
256 silly mapToRegistry   rawSpec: '',
256 silly mapToRegistry   spec: 'latest',
256 silly mapToRegistry   type: 'tag' }
257 silly mapToRegistry uri https://registry.npmjs.org/ms
258 verbose addNameRange registry:https://registry.npmjs.org/ms not in flight; fetching
259 verbose get https://registry.npmjs.org/ms not expired, no request
260 silly addNameRange number 2 { name: 'ms', range: '>=2.0.0 <3.0.0', hasData: true }
261 silly addNameRange versions [ 'ms',
261 silly addNameRange   [ '0.1.0',
261 silly addNameRange     '0.2.0',
261 silly addNameRange     '0.3.0',
261 silly addNameRange     '0.4.0',
261 silly addNameRange     '0.5.0',
261 silly addNameRange     '0.5.1',
261 silly addNameRange     '0.6.0',
261 silly addNameRange     '0.6.1',
261 silly addNameRange     '0.6.2',
261 silly addNameRange     '0.7.0',
261 silly addNameRange     '0.7.1',
261 silly addNameRange     '0.7.2',
261 silly addNameRange     '0.7.3',
261 silly addNameRange     '1.0.0',
261 silly addNameRange     '2.0.0' ] ]
262 silly addNamed ms@2.0.0
263 verbose addNamed "2.0.0" is a plain semver version for ms
264 silly mapToRegistry name ms
265 silly mapToRegistry using default registry
266 silly mapToRegistry registry https://registry.npmjs.org/
267 silly mapToRegistry data Result {
267 silly mapToRegistry   raw: 'ms',
267 silly mapToRegistry   scope: null,
267 silly mapToRegistry   escapedName: 'ms',
267 silly mapToRegistry   name: 'ms',
267 silly mapToRegistry   rawSpec: '',
267 silly mapToRegistry   spec: 'latest',
267 silly mapToRegistry   type: 'tag' }
268 silly mapToRegistry uri https://registry.npmjs.org/ms
269 verbose addRemoteTarball https://registry.npmjs.org/ms/-/ms-2.0.0.tgz not in flight; adding
270 verbose addRemoteTarball [ 'https://registry.npmjs.org/ms/-/ms-2.0.0.tgz',
270 verbose addRemoteTarball   '5608aeadfc00be6c2901df5f9861788de0d597c8' ]
271 info retry fetch attempt 1 at 12:24:34 AM
272 info attempt registry request try #1 at 12:24:34 AM
273 http fetch GET https://registry.npmjs.org/ms/-/ms-2.0.0.tgz
274 verbose request using bearer token for auth
275 silly fetchAndShaCheck shasum 4d50c318079122000fe5f16af1ff8e1917b77e06
276 verbose addTmpTarball /tmp/npm-23122-4e878c8c/registry.npmjs.org/joi/-/joi-6.10.1.tgz not in flight; adding
277 verbose addTmpTarball already have metadata; skipping unpack for joi@6.10.1
278 verbose correctMkdir /home/javier/.npm correctMkdir not in flight; initializing
279 silly cache afterAdd joi@6.10.1
280 verbose afterAdd /home/javier/.npm/joi/6.10.1/package/package.json not in flight; writing
281 verbose correctMkdir /home/javier/.npm correctMkdir not in flight; initializing
282 verbose afterAdd /home/javier/.npm/joi/6.10.1/package/package.json written
283 http fetch 200 https://registry.npmjs.org/ms/-/ms-2.0.0.tgz
284 silly fetchAndShaCheck shasum 5608aeadfc00be6c2901df5f9861788de0d597c8
285 verbose addTmpTarball /tmp/npm-23122-4e878c8c/registry.npmjs.org/ms/-/ms-2.0.0.tgz not in flight; adding
286 verbose addTmpTarball already have metadata; skipping unpack for ms@2.0.0
287 verbose correctMkdir /home/javier/.npm correctMkdir not in flight; initializing
288 silly cache afterAdd ms@2.0.0
289 verbose afterAdd /home/javier/.npm/ms/2.0.0/package/package.json not in flight; writing
290 verbose correctMkdir /home/javier/.npm correctMkdir not in flight; initializing
291 verbose afterAdd /home/javier/.npm/ms/2.0.0/package/package.json written
292 silly fetchNamedPackageData topo
293 silly mapToRegistry name topo
294 silly mapToRegistry using default registry
295 silly mapToRegistry registry https://registry.npmjs.org/
296 silly mapToRegistry data Result {
296 silly mapToRegistry   raw: 'topo',
296 silly mapToRegistry   scope: null,
296 silly mapToRegistry   escapedName: 'topo',
296 silly mapToRegistry   name: 'topo',
296 silly mapToRegistry   rawSpec: '',
296 silly mapToRegistry   spec: 'latest',
296 silly mapToRegistry   type: 'tag' }
297 silly mapToRegistry uri https://registry.npmjs.org/topo
298 silly fetchNamedPackageData isemail
299 silly mapToRegistry name isemail
300 silly mapToRegistry using default registry
301 silly mapToRegistry registry https://registry.npmjs.org/
302 silly mapToRegistry data Result {
302 silly mapToRegistry   raw: 'isemail',
302 silly mapToRegistry   scope: null,
302 silly mapToRegistry   escapedName: 'isemail',
302 silly mapToRegistry   name: 'isemail',
302 silly mapToRegistry   rawSpec: '',
302 silly mapToRegistry   spec: 'latest',
302 silly mapToRegistry   type: 'tag' }
303 silly mapToRegistry uri https://registry.npmjs.org/isemail
304 verbose request uri https://registry.npmjs.org/topo
305 verbose request no auth needed
306 info attempt registry request try #1 at 12:24:34 AM
307 verbose request using bearer token for auth
308 http request GET https://registry.npmjs.org/topo
309 verbose request uri https://registry.npmjs.org/isemail
310 verbose request no auth needed
311 info attempt registry request try #1 at 12:24:34 AM
312 verbose request using bearer token for auth
313 http request GET https://registry.npmjs.org/isemail
314 http 200 https://registry.npmjs.org/topo
315 verbose headers { server: 'nginx/1.10.1',
315 verbose headers   'content-type': 'application/json',
315 verbose headers   'last-modified': 'Tue, 28 Mar 2017 17:12:48 GMT',
315 verbose headers   etag: 'W/"58da9990-29ae"',
315 verbose headers   'content-encoding': 'gzip',
315 verbose headers   'cache-control': 'max-age=300',
315 verbose headers   'transfer-encoding': 'chunked',
315 verbose headers   'accept-ranges': 'bytes',
315 verbose headers   date: 'Fri, 19 May 2017 05:24:34 GMT',
315 verbose headers   via: '1.1 varnish',
315 verbose headers   connection: 'keep-alive',
315 verbose headers   'x-served-by': 'cache-atl6229-ATL',
315 verbose headers   'x-cache': 'MISS',
315 verbose headers   'x-cache-hits': '0',
315 verbose headers   'x-timer': 'S1495171474.342091,VS0,VE39',
315 verbose headers   vary: 'Accept-Encoding' }
316 silly get cb [ 200,
316 silly get   { server: 'nginx/1.10.1',
316 silly get     'content-type': 'application/json',
316 silly get     'last-modified': 'Tue, 28 Mar 2017 17:12:48 GMT',
316 silly get     etag: 'W/"58da9990-29ae"',
316 silly get     'content-encoding': 'gzip',
316 silly get     'cache-control': 'max-age=300',
316 silly get     'transfer-encoding': 'chunked',
316 silly get     'accept-ranges': 'bytes',
316 silly get     date: 'Fri, 19 May 2017 05:24:34 GMT',
316 silly get     via: '1.1 varnish',
316 silly get     connection: 'keep-alive',
316 silly get     'x-served-by': 'cache-atl6229-ATL',
316 silly get     'x-cache': 'MISS',
316 silly get     'x-cache-hits': '0',
316 silly get     'x-timer': 'S1495171474.342091,VS0,VE39',
316 silly get     vary: 'Accept-Encoding' } ]
317 verbose get saving topo to /home/javier/.npm/registry.npmjs.org/topo/.cache.json
318 verbose correctMkdir /home/javier/.npm correctMkdir not in flight; initializing
319 silly resolveWithNewModule topo@1.1.0 checking installable status
320 silly cache add args [ 'topo@1.x.x', null ]
321 verbose cache add spec topo@1.x.x
322 silly cache add parsed spec Result {
322 silly cache add   raw: 'topo@1.x.x',
322 silly cache add   scope: null,
322 silly cache add   escapedName: 'topo',
322 silly cache add   name: 'topo',
322 silly cache add   rawSpec: '1.x.x',
322 silly cache add   spec: '>=1.0.0 <2.0.0',
322 silly cache add   type: 'range' }
323 silly addNamed topo@>=1.0.0 <2.0.0
324 verbose addNamed ">=1.0.0 <2.0.0" is a valid semver range for topo
325 silly addNameRange { name: 'topo', range: '>=1.0.0 <2.0.0', hasData: false }
326 silly mapToRegistry name topo
327 silly mapToRegistry using default registry
328 silly mapToRegistry registry https://registry.npmjs.org/
329 silly mapToRegistry data Result {
329 silly mapToRegistry   raw: 'topo',
329 silly mapToRegistry   scope: null,
329 silly mapToRegistry   escapedName: 'topo',
329 silly mapToRegistry   name: 'topo',
329 silly mapToRegistry   rawSpec: '',
329 silly mapToRegistry   spec: 'latest',
329 silly mapToRegistry   type: 'tag' }
330 silly mapToRegistry uri https://registry.npmjs.org/topo
331 verbose addNameRange registry:https://registry.npmjs.org/topo not in flight; fetching
332 verbose get https://registry.npmjs.org/topo not expired, no request
333 silly addNameRange number 2 { name: 'topo', range: '>=1.0.0 <2.0.0', hasData: true }
334 silly addNameRange versions [ 'topo',
334 silly addNameRange   [ '1.0.0',
334 silly addNameRange     '1.0.1',
334 silly addNameRange     '1.0.2',
334 silly addNameRange     '1.0.3',
334 silly addNameRange     '1.1.0',
334 silly addNameRange     '2.0.0',
334 silly addNameRange     '2.0.1',
334 silly addNameRange     '2.0.2' ] ]
335 silly addNamed topo@1.1.0
336 verbose addNamed "1.1.0" is a plain semver version for topo
337 silly mapToRegistry name topo
338 silly mapToRegistry using default registry
339 silly mapToRegistry registry https://registry.npmjs.org/
340 silly mapToRegistry data Result {
340 silly mapToRegistry   raw: 'topo',
340 silly mapToRegistry   scope: null,
340 silly mapToRegistry   escapedName: 'topo',
340 silly mapToRegistry   name: 'topo',
340 silly mapToRegistry   rawSpec: '',
340 silly mapToRegistry   spec: 'latest',
340 silly mapToRegistry   type: 'tag' }
341 silly mapToRegistry uri https://registry.npmjs.org/topo
342 verbose addRemoteTarball https://registry.npmjs.org/topo/-/topo-1.1.0.tgz not in flight; adding
343 verbose addRemoteTarball [ 'https://registry.npmjs.org/topo/-/topo-1.1.0.tgz',
343 verbose addRemoteTarball   'e9d751615d1bb87dc865db182fa1ca0a5ef536d5' ]
344 info retry fetch attempt 1 at 12:24:34 AM
345 info attempt registry request try #1 at 12:24:34 AM
346 http fetch GET https://registry.npmjs.org/topo/-/topo-1.1.0.tgz
347 verbose request using bearer token for auth
348 http 200 https://registry.npmjs.org/isemail
349 verbose headers { server: 'nginx/1.10.1',
349 verbose headers   'content-type': 'application/json',
349 verbose headers   'last-modified': 'Tue, 28 Mar 2017 16:35:04 GMT',
349 verbose headers   etag: 'W/"58da90b8-5347"',
349 verbose headers   'content-encoding': 'gzip',
349 verbose headers   'cache-control': 'max-age=300',
349 verbose headers   'transfer-encoding': 'chunked',
349 verbose headers   'accept-ranges': 'bytes',
349 verbose headers   date: 'Fri, 19 May 2017 05:24:34 GMT',
349 verbose headers   via: '1.1 varnish',
349 verbose headers   connection: 'keep-alive',
349 verbose headers   'x-served-by': 'cache-atl6240-ATL',
349 verbose headers   'x-cache': 'MISS',
349 verbose headers   'x-cache-hits': '0',
349 verbose headers   'x-timer': 'S1495171474.348308,VS0,VE39',
349 verbose headers   vary: 'Accept-Encoding' }
350 silly get cb [ 200,
350 silly get   { server: 'nginx/1.10.1',
350 silly get     'content-type': 'application/json',
350 silly get     'last-modified': 'Tue, 28 Mar 2017 16:35:04 GMT',
350 silly get     etag: 'W/"58da90b8-5347"',
350 silly get     'content-encoding': 'gzip',
350 silly get     'cache-control': 'max-age=300',
350 silly get     'transfer-encoding': 'chunked',
350 silly get     'accept-ranges': 'bytes',
350 silly get     date: 'Fri, 19 May 2017 05:24:34 GMT',
350 silly get     via: '1.1 varnish',
350 silly get     connection: 'keep-alive',
350 silly get     'x-served-by': 'cache-atl6240-ATL',
350 silly get     'x-cache': 'MISS',
350 silly get     'x-cache-hits': '0',
350 silly get     'x-timer': 'S1495171474.348308,VS0,VE39',
350 silly get     vary: 'Accept-Encoding' } ]
351 verbose get saving isemail to /home/javier/.npm/registry.npmjs.org/isemail/.cache.json
352 verbose correctMkdir /home/javier/.npm correctMkdir not in flight; initializing
353 silly resolveWithNewModule isemail@1.2.0 checking installable status
354 silly cache add args [ 'isemail@1.x.x', null ]
355 verbose cache add spec isemail@1.x.x
356 silly cache add parsed spec Result {
356 silly cache add   raw: 'isemail@1.x.x',
356 silly cache add   scope: null,
356 silly cache add   escapedName: 'isemail',
356 silly cache add   name: 'isemail',
356 silly cache add   rawSpec: '1.x.x',
356 silly cache add   spec: '>=1.0.0 <2.0.0',
356 silly cache add   type: 'range' }
357 silly addNamed isemail@>=1.0.0 <2.0.0
358 verbose addNamed ">=1.0.0 <2.0.0" is a valid semver range for isemail
359 silly addNameRange { name: 'isemail', range: '>=1.0.0 <2.0.0', hasData: false }
360 silly mapToRegistry name isemail
361 silly mapToRegistry using default registry
362 silly mapToRegistry registry https://registry.npmjs.org/
363 silly mapToRegistry data Result {
363 silly mapToRegistry   raw: 'isemail',
363 silly mapToRegistry   scope: null,
363 silly mapToRegistry   escapedName: 'isemail',
363 silly mapToRegistry   name: 'isemail',
363 silly mapToRegistry   rawSpec: '',
363 silly mapToRegistry   spec: 'latest',
363 silly mapToRegistry   type: 'tag' }
364 silly mapToRegistry uri https://registry.npmjs.org/isemail
365 verbose addNameRange registry:https://registry.npmjs.org/isemail not in flight; fetching
366 verbose get https://registry.npmjs.org/isemail not expired, no request
367 silly addNameRange number 2 { name: 'isemail', range: '>=1.0.0 <2.0.0', hasData: true }
368 silly addNameRange versions [ 'isemail',
368 silly addNameRange   [ '0.1.0',
368 silly addNameRange     '0.1.1',
368 silly addNameRange     '0.1.2',
368 silly addNameRange     '1.0.0',
368 silly addNameRange     '1.0.1',
368 silly addNameRange     '1.1.0',
368 silly addNameRange     '1.1.1',
368 silly addNameRange     '1.1.2',
368 silly addNameRange     '1.2.0',
368 silly addNameRange     '2.0.0',
368 silly addNameRange     '2.1.0',
368 silly addNameRange     '2.1.2',
368 silly addNameRange     '2.2.0',
368 silly addNameRange     '2.2.1' ] ]
369 silly addNamed isemail@1.2.0
370 verbose addNamed "1.2.0" is a plain semver version for isemail
371 silly mapToRegistry name isemail
372 silly mapToRegistry using default registry
373 silly mapToRegistry registry https://registry.npmjs.org/
374 silly mapToRegistry data Result {
374 silly mapToRegistry   raw: 'isemail',
374 silly mapToRegistry   scope: null,
374 silly mapToRegistry   escapedName: 'isemail',
374 silly mapToRegistry   name: 'isemail',
374 silly mapToRegistry   rawSpec: '',
374 silly mapToRegistry   spec: 'latest',
374 silly mapToRegistry   type: 'tag' }
375 silly mapToRegistry uri https://registry.npmjs.org/isemail
376 verbose addRemoteTarball https://registry.npmjs.org/isemail/-/isemail-1.2.0.tgz not in flight; adding
377 verbose addRemoteTarball [ 'https://registry.npmjs.org/isemail/-/isemail-1.2.0.tgz',
377 verbose addRemoteTarball   'be03df8cc3e29de4d2c5df6501263f1fa4595e9a' ]
378 info retry fetch attempt 1 at 12:24:34 AM
379 info attempt registry request try #1 at 12:24:34 AM
380 http fetch GET https://registry.npmjs.org/isemail/-/isemail-1.2.0.tgz
381 verbose request using bearer token for auth
382 http fetch 200 https://registry.npmjs.org/topo/-/topo-1.1.0.tgz
383 silly fetchAndShaCheck shasum e9d751615d1bb87dc865db182fa1ca0a5ef536d5
384 verbose addTmpTarball /tmp/npm-23122-4e878c8c/registry.npmjs.org/topo/-/topo-1.1.0.tgz not in flight; adding
385 verbose addTmpTarball already have metadata; skipping unpack for topo@1.1.0
386 verbose correctMkdir /home/javier/.npm correctMkdir not in flight; initializing
387 silly cache afterAdd topo@1.1.0
388 verbose afterAdd /home/javier/.npm/topo/1.1.0/package/package.json not in flight; writing
389 verbose correctMkdir /home/javier/.npm correctMkdir not in flight; initializing
390 verbose afterAdd /home/javier/.npm/topo/1.1.0/package/package.json written
391 http fetch 200 https://registry.npmjs.org/isemail/-/isemail-1.2.0.tgz
392 silly fetchAndShaCheck shasum be03df8cc3e29de4d2c5df6501263f1fa4595e9a
393 verbose addTmpTarball /tmp/npm-23122-4e878c8c/registry.npmjs.org/isemail/-/isemail-1.2.0.tgz not in flight; adding
394 verbose addTmpTarball already have metadata; skipping unpack for isemail@1.2.0
395 verbose correctMkdir /home/javier/.npm correctMkdir not in flight; initializing
396 silly cache afterAdd isemail@1.2.0
397 verbose afterAdd /home/javier/.npm/isemail/1.2.0/package/package.json not in flight; writing
398 verbose correctMkdir /home/javier/.npm correctMkdir not in flight; initializing
399 verbose afterAdd /home/javier/.npm/isemail/1.2.0/package/package.json written
400 silly fetchNamedPackageData base64url
401 silly mapToRegistry name base64url
402 silly mapToRegistry using default registry
403 silly mapToRegistry registry https://registry.npmjs.org/
404 silly mapToRegistry data Result {
404 silly mapToRegistry   raw: 'base64url',
404 silly mapToRegistry   scope: null,
404 silly mapToRegistry   escapedName: 'base64url',
404 silly mapToRegistry   name: 'base64url',
404 silly mapToRegistry   rawSpec: '',
404 silly mapToRegistry   spec: 'latest',
404 silly mapToRegistry   type: 'tag' }
405 silly mapToRegistry uri https://registry.npmjs.org/base64url
406 silly fetchNamedPackageData jwa
407 silly mapToRegistry name jwa
408 silly mapToRegistry using default registry
409 silly mapToRegistry registry https://registry.npmjs.org/
410 silly mapToRegistry data Result {
410 silly mapToRegistry   raw: 'jwa',
410 silly mapToRegistry   scope: null,
410 silly mapToRegistry   escapedName: 'jwa',
410 silly mapToRegistry   name: 'jwa',
410 silly mapToRegistry   rawSpec: '',
410 silly mapToRegistry   spec: 'latest',
410 silly mapToRegistry   type: 'tag' }
411 silly mapToRegistry uri https://registry.npmjs.org/jwa
412 verbose request uri https://registry.npmjs.org/base64url
413 verbose request no auth needed
414 info attempt registry request try #1 at 12:24:34 AM
415 verbose request using bearer token for auth
416 http request GET https://registry.npmjs.org/base64url
417 verbose request uri https://registry.npmjs.org/jwa
418 verbose request no auth needed
419 info attempt registry request try #1 at 12:24:34 AM
420 verbose request using bearer token for auth
421 http request GET https://registry.npmjs.org/jwa
422 http 200 https://registry.npmjs.org/base64url
423 verbose headers { server: 'nginx/1.10.1',
423 verbose headers   'content-type': 'application/json',
423 verbose headers   'last-modified': 'Tue, 09 May 2017 19:50:26 GMT',
423 verbose headers   etag: 'W/"59121d82-5bb3"',
423 verbose headers   'content-encoding': 'gzip',
423 verbose headers   'cache-control': 'max-age=300',
423 verbose headers   'transfer-encoding': 'chunked',
423 verbose headers   'accept-ranges': 'bytes',
423 verbose headers   date: 'Fri, 19 May 2017 05:24:34 GMT',
423 verbose headers   via: '1.1 varnish',
423 verbose headers   connection: 'keep-alive',
423 verbose headers   'x-served-by': 'cache-atl6229-ATL',
423 verbose headers   'x-cache': 'MISS',
423 verbose headers   'x-cache-hits': '0',
423 verbose headers   'x-timer': 'S1495171475.702972,VS0,VE92',
423 verbose headers   vary: 'Accept-Encoding' }
424 silly get cb [ 200,
424 silly get   { server: 'nginx/1.10.1',
424 silly get     'content-type': 'application/json',
424 silly get     'last-modified': 'Tue, 09 May 2017 19:50:26 GMT',
424 silly get     etag: 'W/"59121d82-5bb3"',
424 silly get     'content-encoding': 'gzip',
424 silly get     'cache-control': 'max-age=300',
424 silly get     'transfer-encoding': 'chunked',
424 silly get     'accept-ranges': 'bytes',
424 silly get     date: 'Fri, 19 May 2017 05:24:34 GMT',
424 silly get     via: '1.1 varnish',
424 silly get     connection: 'keep-alive',
424 silly get     'x-served-by': 'cache-atl6229-ATL',
424 silly get     'x-cache': 'MISS',
424 silly get     'x-cache-hits': '0',
424 silly get     'x-timer': 'S1495171475.702972,VS0,VE92',
424 silly get     vary: 'Accept-Encoding' } ]
425 verbose get saving base64url to /home/javier/.npm/registry.npmjs.org/base64url/.cache.json
426 verbose correctMkdir /home/javier/.npm correctMkdir not in flight; initializing
427 silly resolveWithNewModule base64url@2.0.0 checking installable status
428 silly cache add args [ 'base64url@^2.0.0', null ]
429 verbose cache add spec base64url@^2.0.0
430 silly cache add parsed spec Result {
430 silly cache add   raw: 'base64url@^2.0.0',
430 silly cache add   scope: null,
430 silly cache add   escapedName: 'base64url',
430 silly cache add   name: 'base64url',
430 silly cache add   rawSpec: '^2.0.0',
430 silly cache add   spec: '>=2.0.0 <3.0.0',
430 silly cache add   type: 'range' }
431 silly addNamed base64url@>=2.0.0 <3.0.0
432 verbose addNamed ">=2.0.0 <3.0.0" is a valid semver range for base64url
433 silly addNameRange { name: 'base64url', range: '>=2.0.0 <3.0.0', hasData: false }
434 silly mapToRegistry name base64url
435 silly mapToRegistry using default registry
436 silly mapToRegistry registry https://registry.npmjs.org/
437 silly mapToRegistry data Result {
437 silly mapToRegistry   raw: 'base64url',
437 silly mapToRegistry   scope: null,
437 silly mapToRegistry   escapedName: 'base64url',
437 silly mapToRegistry   name: 'base64url',
437 silly mapToRegistry   rawSpec: '',
437 silly mapToRegistry   spec: 'latest',
437 silly mapToRegistry   type: 'tag' }
438 silly mapToRegistry uri https://registry.npmjs.org/base64url
439 verbose addNameRange registry:https://registry.npmjs.org/base64url not in flight; fetching
440 verbose get https://registry.npmjs.org/base64url not expired, no request
441 silly addNameRange number 2 { name: 'base64url', range: '>=2.0.0 <3.0.0', hasData: true }
442 silly addNameRange versions [ 'base64url',
442 silly addNameRange   [ '0.0.1',
442 silly addNameRange     '0.0.2',
442 silly addNameRange     '0.0.3',
442 silly addNameRange     '0.0.4',
442 silly addNameRange     '0.0.5',
442 silly addNameRange     '0.0.6',
442 silly addNameRange     '1.0.0',
442 silly addNameRange     '1.0.1',
442 silly addNameRange     '1.0.2',
442 silly addNameRange     '1.0.3',
442 silly addNameRange     '1.0.4',
442 silly addNameRange     '1.0.5',
442 silly addNameRange     '1.0.6',
442 silly addNameRange     '2.0.0-rc1',
442 silly addNameRange     '2.0.0-rc2',
442 silly addNameRange     '2.0.0-rc3',
442 silly addNameRange     '2.0.0-rc4',
442 silly addNameRange     '2.0.0' ] ]
443 silly addNamed base64url@2.0.0
444 verbose addNamed "2.0.0" is a plain semver version for base64url
445 silly mapToRegistry name base64url
446 silly mapToRegistry using default registry
447 silly mapToRegistry registry https://registry.npmjs.org/
448 silly mapToRegistry data Result {
448 silly mapToRegistry   raw: 'base64url',
448 silly mapToRegistry   scope: null,
448 silly mapToRegistry   escapedName: 'base64url',
448 silly mapToRegistry   name: 'base64url',
448 silly mapToRegistry   rawSpec: '',
448 silly mapToRegistry   spec: 'latest',
448 silly mapToRegistry   type: 'tag' }
449 silly mapToRegistry uri https://registry.npmjs.org/base64url
450 verbose addRemoteTarball https://registry.npmjs.org/base64url/-/base64url-2.0.0.tgz not in flight; adding
451 verbose addRemoteTarball [ 'https://registry.npmjs.org/base64url/-/base64url-2.0.0.tgz',
451 verbose addRemoteTarball   'eac16e03ea1438eff9423d69baa36262ed1f70bb' ]
452 info retry fetch attempt 1 at 12:24:34 AM
453 info attempt registry request try #1 at 12:24:34 AM
454 http fetch GET https://registry.npmjs.org/base64url/-/base64url-2.0.0.tgz
455 verbose request using bearer token for auth
456 http 200 https://registry.npmjs.org/jwa
457 verbose headers { server: 'nginx/1.10.1',
457 verbose headers   'content-type': 'application/json',
457 verbose headers   'last-modified': 'Sat, 25 Mar 2017 20:10:56 GMT',
457 verbose headers   etag: 'W/"58d6ced0-5403"',
457 verbose headers   'content-encoding': 'gzip',
457 verbose headers   'cache-control': 'max-age=300',
457 verbose headers   'transfer-encoding': 'chunked',
457 verbose headers   'accept-ranges': 'bytes',
457 verbose headers   date: 'Fri, 19 May 2017 05:24:34 GMT',
457 verbose headers   via: '1.1 varnish',
457 verbose headers   connection: 'keep-alive',
457 verbose headers   'x-served-by': 'cache-atl6240-ATL',
457 verbose headers   'x-cache': 'MISS',
457 verbose headers   'x-cache-hits': '0',
457 verbose headers   'x-timer': 'S1495171475.703586,VS0,VE206',
457 verbose headers   vary: 'Accept-Encoding' }
458 silly get cb [ 200,
458 silly get   { server: 'nginx/1.10.1',
458 silly get     'content-type': 'application/json',
458 silly get     'last-modified': 'Sat, 25 Mar 2017 20:10:56 GMT',
458 silly get     etag: 'W/"58d6ced0-5403"',
458 silly get     'content-encoding': 'gzip',
458 silly get     'cache-control': 'max-age=300',
458 silly get     'transfer-encoding': 'chunked',
458 silly get     'accept-ranges': 'bytes',
458 silly get     date: 'Fri, 19 May 2017 05:24:34 GMT',
458 silly get     via: '1.1 varnish',
458 silly get     connection: 'keep-alive',
458 silly get     'x-served-by': 'cache-atl6240-ATL',
458 silly get     'x-cache': 'MISS',
458 silly get     'x-cache-hits': '0',
458 silly get     'x-timer': 'S1495171475.703586,VS0,VE206',
458 silly get     vary: 'Accept-Encoding' } ]
459 verbose get saving jwa to /home/javier/.npm/registry.npmjs.org/jwa/.cache.json
460 verbose correctMkdir /home/javier/.npm correctMkdir not in flight; initializing
461 silly resolveWithNewModule jwa@1.1.5 checking installable status
462 silly cache add args [ 'jwa@^1.1.4', null ]
463 verbose cache add spec jwa@^1.1.4
464 silly cache add parsed spec Result {
464 silly cache add   raw: 'jwa@^1.1.4',
464 silly cache add   scope: null,
464 silly cache add   escapedName: 'jwa',
464 silly cache add   name: 'jwa',
464 silly cache add   rawSpec: '^1.1.4',
464 silly cache add   spec: '>=1.1.4 <2.0.0',
464 silly cache add   type: 'range' }
465 silly addNamed jwa@>=1.1.4 <2.0.0
466 verbose addNamed ">=1.1.4 <2.0.0" is a valid semver range for jwa
467 silly addNameRange { name: 'jwa', range: '>=1.1.4 <2.0.0', hasData: false }
468 silly mapToRegistry name jwa
469 silly mapToRegistry using default registry
470 silly mapToRegistry registry https://registry.npmjs.org/
471 silly mapToRegistry data Result {
471 silly mapToRegistry   raw: 'jwa',
471 silly mapToRegistry   scope: null,
471 silly mapToRegistry   escapedName: 'jwa',
471 silly mapToRegistry   name: 'jwa',
471 silly mapToRegistry   rawSpec: '',
471 silly mapToRegistry   spec: 'latest',
471 silly mapToRegistry   type: 'tag' }
472 silly mapToRegistry uri https://registry.npmjs.org/jwa
473 verbose addNameRange registry:https://registry.npmjs.org/jwa not in flight; fetching
474 http fetch 200 https://registry.npmjs.org/base64url/-/base64url-2.0.0.tgz
475 verbose get https://registry.npmjs.org/jwa not expired, no request
476 silly addNameRange number 2 { name: 'jwa', range: '>=1.1.4 <2.0.0', hasData: true }
477 silly addNameRange versions [ 'jwa',
477 silly addNameRange   [ '0.0.0',
477 silly addNameRange     '0.0.1',
477 silly addNameRange     '0.0.2',
477 silly addNameRange     '0.0.3',
477 silly addNameRange     '1.0.0',
477 silly addNameRange     '1.0.1',
477 silly addNameRange     '1.0.2',
477 silly addNameRange     '1.1.0',
477 silly addNameRange     '1.1.1',
477 silly addNameRange     '1.1.2',
477 silly addNameRange     '1.1.3',
477 silly addNameRange     '1.1.4',
477 silly addNameRange     '1.1.5' ] ]
478 silly addNamed jwa@1.1.5
479 verbose addNamed "1.1.5" is a plain semver version for jwa
480 silly mapToRegistry name jwa
481 silly mapToRegistry using default registry
482 silly mapToRegistry registry https://registry.npmjs.org/
483 silly mapToRegistry data Result {
483 silly mapToRegistry   raw: 'jwa',
483 silly mapToRegistry   scope: null,
483 silly mapToRegistry   escapedName: 'jwa',
483 silly mapToRegistry   name: 'jwa',
483 silly mapToRegistry   rawSpec: '',
483 silly mapToRegistry   spec: 'latest',
483 silly mapToRegistry   type: 'tag' }
484 silly mapToRegistry uri https://registry.npmjs.org/jwa
485 verbose addRemoteTarball https://registry.npmjs.org/jwa/-/jwa-1.1.5.tgz not in flight; adding
486 verbose addRemoteTarball [ 'https://registry.npmjs.org/jwa/-/jwa-1.1.5.tgz',
486 verbose addRemoteTarball   'a0552ce0220742cd52e153774a32905c30e756e5' ]
487 info retry fetch attempt 1 at 12:24:34 AM
488 info attempt registry request try #1 at 12:24:34 AM
489 http fetch GET https://registry.npmjs.org/jwa/-/jwa-1.1.5.tgz
490 verbose request using bearer token for auth
491 silly fetchAndShaCheck shasum eac16e03ea1438eff9423d69baa36262ed1f70bb
492 verbose addTmpTarball /tmp/npm-23122-4e878c8c/registry.npmjs.org/base64url/-/base64url-2.0.0.tgz not in flight; adding
493 verbose addTmpTarball already have metadata; skipping unpack for base64url@2.0.0
494 verbose correctMkdir /home/javier/.npm correctMkdir not in flight; initializing
495 silly cache afterAdd base64url@2.0.0
496 verbose afterAdd /home/javier/.npm/base64url/2.0.0/package/package.json not in flight; writing
497 verbose correctMkdir /home/javier/.npm correctMkdir not in flight; initializing
498 verbose afterAdd /home/javier/.npm/base64url/2.0.0/package/package.json written
499 http fetch 200 https://registry.npmjs.org/jwa/-/jwa-1.1.5.tgz
500 silly fetchAndShaCheck shasum a0552ce0220742cd52e153774a32905c30e756e5
501 verbose addTmpTarball /tmp/npm-23122-4e878c8c/registry.npmjs.org/jwa/-/jwa-1.1.5.tgz not in flight; adding
502 verbose addTmpTarball already have metadata; skipping unpack for jwa@1.1.5
503 verbose correctMkdir /home/javier/.npm correctMkdir not in flight; initializing
504 silly cache afterAdd jwa@1.1.5
505 verbose afterAdd /home/javier/.npm/jwa/1.1.5/package/package.json not in flight; writing
506 verbose correctMkdir /home/javier/.npm correctMkdir not in flight; initializing
507 verbose afterAdd /home/javier/.npm/jwa/1.1.5/package/package.json written
508 silly fetchNamedPackageData buffer-equal-constant-time
509 silly mapToRegistry name buffer-equal-constant-time
510 silly mapToRegistry using default registry
511 silly mapToRegistry registry https://registry.npmjs.org/
512 silly mapToRegistry data Result {
512 silly mapToRegistry   raw: 'buffer-equal-constant-time',
512 silly mapToRegistry   scope: null,
512 silly mapToRegistry   escapedName: 'buffer-equal-constant-time',
512 silly mapToRegistry   name: 'buffer-equal-constant-time',
512 silly mapToRegistry   rawSpec: '',
512 silly mapToRegistry   spec: 'latest',
512 silly mapToRegistry   type: 'tag' }
513 silly mapToRegistry uri https://registry.npmjs.org/buffer-equal-constant-time
514 silly fetchNamedPackageData ecdsa-sig-formatter
515 silly mapToRegistry name ecdsa-sig-formatter
516 silly mapToRegistry using default registry
517 silly mapToRegistry registry https://registry.npmjs.org/
518 silly mapToRegistry data Result {
518 silly mapToRegistry   raw: 'ecdsa-sig-formatter',
518 silly mapToRegistry   scope: null,
518 silly mapToRegistry   escapedName: 'ecdsa-sig-formatter',
518 silly mapToRegistry   name: 'ecdsa-sig-formatter',
518 silly mapToRegistry   rawSpec: '',
518 silly mapToRegistry   spec: 'latest',
518 silly mapToRegistry   type: 'tag' }
519 silly mapToRegistry uri https://registry.npmjs.org/ecdsa-sig-formatter
520 verbose request uri https://registry.npmjs.org/buffer-equal-constant-time
521 verbose request no auth needed
522 info attempt registry request try #1 at 12:24:35 AM
523 verbose request using bearer token for auth
524 http request GET https://registry.npmjs.org/buffer-equal-constant-time
525 verbose request uri https://registry.npmjs.org/ecdsa-sig-formatter
526 verbose request no auth needed
527 info attempt registry request try #1 at 12:24:35 AM
528 verbose request using bearer token for auth
529 http request GET https://registry.npmjs.org/ecdsa-sig-formatter
530 http 200 https://registry.npmjs.org/ecdsa-sig-formatter
531 verbose headers { server: 'nginx/1.10.1',
531 verbose headers   'content-type': 'application/json',
531 verbose headers   'last-modified': 'Mon, 05 Dec 2016 15:40:24 GMT',
531 verbose headers   etag: 'W/"58458a68-3be3"',
531 verbose headers   'content-encoding': 'gzip',
531 verbose headers   'cache-control': 'max-age=300',
531 verbose headers   'transfer-encoding': 'chunked',
531 verbose headers   'accept-ranges': 'bytes',
531 verbose headers   date: 'Fri, 19 May 2017 05:24:35 GMT',
531 verbose headers   via: '1.1 varnish',
531 verbose headers   connection: 'keep-alive',
531 verbose headers   'x-served-by': 'cache-atl6240-ATL',
531 verbose headers   'x-cache': 'MISS',
531 verbose headers   'x-cache-hits': '0',
531 verbose headers   'x-timer': 'S1495171475.138763,VS0,VE42',
531 verbose headers   vary: 'Accept-Encoding' }
532 silly get cb [ 200,
532 silly get   { server: 'nginx/1.10.1',
532 silly get     'content-type': 'application/json',
532 silly get     'last-modified': 'Mon, 05 Dec 2016 15:40:24 GMT',
532 silly get     etag: 'W/"58458a68-3be3"',
532 silly get     'content-encoding': 'gzip',
532 silly get     'cache-control': 'max-age=300',
532 silly get     'transfer-encoding': 'chunked',
532 silly get     'accept-ranges': 'bytes',
532 silly get     date: 'Fri, 19 May 2017 05:24:35 GMT',
532 silly get     via: '1.1 varnish',
532 silly get     connection: 'keep-alive',
532 silly get     'x-served-by': 'cache-atl6240-ATL',
532 silly get     'x-cache': 'MISS',
532 silly get     'x-cache-hits': '0',
532 silly get     'x-timer': 'S1495171475.138763,VS0,VE42',
532 silly get     vary: 'Accept-Encoding' } ]
533 verbose get saving ecdsa-sig-formatter to /home/javier/.npm/registry.npmjs.org/ecdsa-sig-formatter/.cache.json
534 verbose correctMkdir /home/javier/.npm correctMkdir not in flight; initializing
535 silly resolveWithNewModule ecdsa-sig-formatter@1.0.9 checking installable status
536 silly cache add args [ 'ecdsa-sig-formatter@1.0.9', null ]
537 verbose cache add spec ecdsa-sig-formatter@1.0.9
538 silly cache add parsed spec Result {
538 silly cache add   raw: 'ecdsa-sig-formatter@1.0.9',
538 silly cache add   scope: null,
538 silly cache add   escapedName: 'ecdsa-sig-formatter',
538 silly cache add   name: 'ecdsa-sig-formatter',
538 silly cache add   rawSpec: '1.0.9',
538 silly cache add   spec: '1.0.9',
538 silly cache add   type: 'version' }
539 silly addNamed ecdsa-sig-formatter@1.0.9
540 verbose addNamed "1.0.9" is a plain semver version for ecdsa-sig-formatter
541 silly mapToRegistry name ecdsa-sig-formatter
542 silly mapToRegistry using default registry
543 silly mapToRegistry registry https://registry.npmjs.org/
544 silly mapToRegistry data Result {
544 silly mapToRegistry   raw: 'ecdsa-sig-formatter',
544 silly mapToRegistry   scope: null,
544 silly mapToRegistry   escapedName: 'ecdsa-sig-formatter',
544 silly mapToRegistry   name: 'ecdsa-sig-formatter',
544 silly mapToRegistry   rawSpec: '',
544 silly mapToRegistry   spec: 'latest',
544 silly mapToRegistry   type: 'tag' }
545 silly mapToRegistry uri https://registry.npmjs.org/ecdsa-sig-formatter
546 verbose addNameVersion registry:https://registry.npmjs.org/ecdsa-sig-formatter not in flight; fetching
547 verbose get https://registry.npmjs.org/ecdsa-sig-formatter not expired, no request
548 silly mapToRegistry name ecdsa-sig-formatter
549 silly mapToRegistry using default registry
550 silly mapToRegistry registry https://registry.npmjs.org/
551 silly mapToRegistry data Result {
551 silly mapToRegistry   raw: 'ecdsa-sig-formatter',
551 silly mapToRegistry   scope: null,
551 silly mapToRegistry   escapedName: 'ecdsa-sig-formatter',
551 silly mapToRegistry   name: 'ecdsa-sig-formatter',
551 silly mapToRegistry   rawSpec: '',
551 silly mapToRegistry   spec: 'latest',
551 silly mapToRegistry   type: 'tag' }
552 silly mapToRegistry uri https://registry.npmjs.org/ecdsa-sig-formatter
553 verbose addRemoteTarball https://registry.npmjs.org/ecdsa-sig-formatter/-/ecdsa-sig-formatter-1.0.9.tgz not in flight; adding
554 verbose addRemoteTarball [ 'https://registry.npmjs.org/ecdsa-sig-formatter/-/ecdsa-sig-formatter-1.0.9.tgz',
554 verbose addRemoteTarball   '4bc926274ec3b5abb5016e7e1d60921ac262b2a1' ]
555 info retry fetch attempt 1 at 12:24:35 AM
556 info attempt registry request try #1 at 12:24:35 AM
557 http fetch GET https://registry.npmjs.org/ecdsa-sig-formatter/-/ecdsa-sig-formatter-1.0.9.tgz
558 verbose request using bearer token for auth
559 http fetch 200 https://registry.npmjs.org/ecdsa-sig-formatter/-/ecdsa-sig-formatter-1.0.9.tgz
560 silly fetchAndShaCheck shasum 4bc926274ec3b5abb5016e7e1d60921ac262b2a1
561 verbose addTmpTarball /tmp/npm-23122-4e878c8c/registry.npmjs.org/ecdsa-sig-formatter/-/ecdsa-sig-formatter-1.0.9.tgz not in flight; adding
562 verbose addTmpTarball already have metadata; skipping unpack for ecdsa-sig-formatter@1.0.9
563 verbose correctMkdir /home/javier/.npm correctMkdir not in flight; initializing
564 silly cache afterAdd ecdsa-sig-formatter@1.0.9
565 verbose afterAdd /home/javier/.npm/ecdsa-sig-formatter/1.0.9/package/package.json not in flight; writing
566 verbose correctMkdir /home/javier/.npm correctMkdir not in flight; initializing
567 verbose afterAdd /home/javier/.npm/ecdsa-sig-formatter/1.0.9/package/package.json written
568 http 200 https://registry.npmjs.org/buffer-equal-constant-time
569 verbose headers { server: 'nginx/1.10.1',
569 verbose headers   'content-type': 'application/json',
569 verbose headers   'last-modified': 'Fri, 11 Nov 2016 09:38:25 GMT',
569 verbose headers   etag: 'W/"58259191-1775"',
569 verbose headers   'content-encoding': 'gzip',
569 verbose headers   'cache-control': 'max-age=300',
569 verbose headers   'transfer-encoding': 'chunked',
569 verbose headers   'accept-ranges': 'bytes',
569 verbose headers   date: 'Fri, 19 May 2017 05:24:35 GMT',
569 verbose headers   via: '1.1 varnish',
569 verbose headers   connection: 'keep-alive',
569 verbose headers   'x-served-by': 'cache-atl6229-ATL',
569 verbose headers   'x-cache': 'MISS',
569 verbose headers   'x-cache-hits': '0',
569 verbose headers   'x-timer': 'S1495171475.138097,VS0,VE196',
569 verbose headers   vary: 'Accept-Encoding' }
570 silly get cb [ 200,
570 silly get   { server: 'nginx/1.10.1',
570 silly get     'content-type': 'application/json',
570 silly get     'last-modified': 'Fri, 11 Nov 2016 09:38:25 GMT',
570 silly get     etag: 'W/"58259191-1775"',
570 silly get     'content-encoding': 'gzip',
570 silly get     'cache-control': 'max-age=300',
570 silly get     'transfer-encoding': 'chunked',
570 silly get     'accept-ranges': 'bytes',
570 silly get     date: 'Fri, 19 May 2017 05:24:35 GMT',
570 silly get     via: '1.1 varnish',
570 silly get     connection: 'keep-alive',
570 silly get     'x-served-by': 'cache-atl6229-ATL',
570 silly get     'x-cache': 'MISS',
570 silly get     'x-cache-hits': '0',
570 silly get     'x-timer': 'S1495171475.138097,VS0,VE196',
570 silly get     vary: 'Accept-Encoding' } ]
571 verbose get saving buffer-equal-constant-time to /home/javier/.npm/registry.npmjs.org/buffer-equal-constant-time/.cache.json
572 verbose correctMkdir /home/javier/.npm correctMkdir not in flight; initializing
573 silly resolveWithNewModule buffer-equal-constant-time@1.0.1 checking installable status
574 silly cache add args [ 'buffer-equal-constant-time@1.0.1', null ]
575 verbose cache add spec buffer-equal-constant-time@1.0.1
576 silly cache add parsed spec Result {
576 silly cache add   raw: 'buffer-equal-constant-time@1.0.1',
576 silly cache add   scope: null,
576 silly cache add   escapedName: 'buffer-equal-constant-time',
576 silly cache add   name: 'buffer-equal-constant-time',
576 silly cache add   rawSpec: '1.0.1',
576 silly cache add   spec: '1.0.1',
576 silly cache add   type: 'version' }
577 silly addNamed buffer-equal-constant-time@1.0.1
578 verbose addNamed "1.0.1" is a plain semver version for buffer-equal-constant-time
579 silly mapToRegistry name buffer-equal-constant-time
580 silly mapToRegistry using default registry
581 silly mapToRegistry registry https://registry.npmjs.org/
582 silly mapToRegistry data Result {
582 silly mapToRegistry   raw: 'buffer-equal-constant-time',
582 silly mapToRegistry   scope: null,
582 silly mapToRegistry   escapedName: 'buffer-equal-constant-time',
582 silly mapToRegistry   name: 'buffer-equal-constant-time',
582 silly mapToRegistry   rawSpec: '',
582 silly mapToRegistry   spec: 'latest',
582 silly mapToRegistry   type: 'tag' }
583 silly mapToRegistry uri https://registry.npmjs.org/buffer-equal-constant-time
584 verbose addNameVersion registry:https://registry.npmjs.org/buffer-equal-constant-time not in flight; fetching
585 verbose get https://registry.npmjs.org/buffer-equal-constant-time not expired, no request
586 silly mapToRegistry name buffer-equal-constant-time
587 silly mapToRegistry using default registry
588 silly mapToRegistry registry https://registry.npmjs.org/
589 silly mapToRegistry data Result {
589 silly mapToRegistry   raw: 'buffer-equal-constant-time',
589 silly mapToRegistry   scope: null,
589 silly mapToRegistry   escapedName: 'buffer-equal-constant-time',
589 silly mapToRegistry   name: 'buffer-equal-constant-time',
589 silly mapToRegistry   rawSpec: '',
589 silly mapToRegistry   spec: 'latest',
589 silly mapToRegistry   type: 'tag' }
590 silly mapToRegistry uri https://registry.npmjs.org/buffer-equal-constant-time
591 verbose addRemoteTarball https://registry.npmjs.org/buffer-equal-constant-time/-/buffer-equal-constant-time-1.0.1.tgz not in flight; adding
592 verbose addRemoteTarball [ 'https://registry.npmjs.org/buffer-equal-constant-time/-/buffer-equal-constant-time-1.0.1.tgz',
592 verbose addRemoteTarball   'f8e71132f7ffe6e01a5c9697a4c6f3e48d5cc819' ]
593 info retry fetch attempt 1 at 12:24:35 AM
594 info attempt registry request try #1 at 12:24:35 AM
595 http fetch GET https://registry.npmjs.org/buffer-equal-constant-time/-/buffer-equal-constant-time-1.0.1.tgz
596 verbose request using bearer token for auth
597 http fetch 200 https://registry.npmjs.org/buffer-equal-constant-time/-/buffer-equal-constant-time-1.0.1.tgz
598 silly fetchAndShaCheck shasum f8e71132f7ffe6e01a5c9697a4c6f3e48d5cc819
599 verbose addTmpTarball /tmp/npm-23122-4e878c8c/registry.npmjs.org/buffer-equal-constant-time/-/buffer-equal-constant-time-1.0.1.tgz not in flight; adding
600 verbose addTmpTarball already have metadata; skipping unpack for buffer-equal-constant-time@1.0.1
601 verbose correctMkdir /home/javier/.npm correctMkdir not in flight; initializing
602 silly cache afterAdd buffer-equal-constant-time@1.0.1
603 verbose afterAdd /home/javier/.npm/buffer-equal-constant-time/1.0.1/package/package.json not in flight; writing
604 verbose correctMkdir /home/javier/.npm correctMkdir not in flight; initializing
605 verbose afterAdd /home/javier/.npm/buffer-equal-constant-time/1.0.1/package/package.json written
606 silly fetchNamedPackageData fsevents
607 silly mapToRegistry name fsevents
608 silly mapToRegistry using default registry
609 silly mapToRegistry registry https://registry.npmjs.org/
610 silly mapToRegistry data Result {
610 silly mapToRegistry   raw: 'fsevents',
610 silly mapToRegistry   scope: null,
610 silly mapToRegistry   escapedName: 'fsevents',
610 silly mapToRegistry   name: 'fsevents',
610 silly mapToRegistry   rawSpec: '',
610 silly mapToRegistry   spec: 'latest',
610 silly mapToRegistry   type: 'tag' }
611 silly mapToRegistry uri https://registry.npmjs.org/fsevents
612 verbose request uri https://registry.npmjs.org/fsevents
613 verbose request no auth needed
614 info attempt registry request try #1 at 12:24:36 AM
615 verbose request using bearer token for auth
616 http request GET https://registry.npmjs.org/fsevents
617 http 200 https://registry.npmjs.org/fsevents
618 verbose headers { server: 'nginx/1.10.1',
618 verbose headers   'content-type': 'application/json',
618 verbose headers   'last-modified': 'Wed, 17 May 2017 16:12:05 GMT',
618 verbose headers   etag: 'W/"591c7655-d5f5"',
618 verbose headers   'content-encoding': 'gzip',
618 verbose headers   'cache-control': 'max-age=300',
618 verbose headers   'transfer-encoding': 'chunked',
618 verbose headers   'accept-ranges': 'bytes',
618 verbose headers   date: 'Fri, 19 May 2017 05:24:36 GMT',
618 verbose headers   via: '1.1 varnish',
618 verbose headers   connection: 'keep-alive',
618 verbose headers   'x-served-by': 'cache-atl6240-ATL',
618 verbose headers   'x-cache': 'MISS',
618 verbose headers   'x-cache-hits': '0',
618 verbose headers   'x-timer': 'S1495171476.143458,VS0,VE42',
618 verbose headers   vary: 'Accept-Encoding' }
619 silly get cb [ 200,
619 silly get   { server: 'nginx/1.10.1',
619 silly get     'content-type': 'application/json',
619 silly get     'last-modified': 'Wed, 17 May 2017 16:12:05 GMT',
619 silly get     etag: 'W/"591c7655-d5f5"',
619 silly get     'content-encoding': 'gzip',
619 silly get     'cache-control': 'max-age=300',
619 silly get     'transfer-encoding': 'chunked',
619 silly get     'accept-ranges': 'bytes',
619 silly get     date: 'Fri, 19 May 2017 05:24:36 GMT',
619 silly get     via: '1.1 varnish',
619 silly get     connection: 'keep-alive',
619 silly get     'x-served-by': 'cache-atl6240-ATL',
619 silly get     'x-cache': 'MISS',
619 silly get     'x-cache-hits': '0',
619 silly get     'x-timer': 'S1495171476.143458,VS0,VE42',
619 silly get     vary: 'Accept-Encoding' } ]
620 verbose get saving fsevents to /home/javier/.npm/registry.npmjs.org/fsevents/.cache.json
621 verbose correctMkdir /home/javier/.npm correctMkdir not in flight; initializing
622 silly resolveWithNewModule fsevents@1.1.1 checking installable status
623 silly fetchOtherPackageData platzigram-db@file:../platzigram-db
624 silly cache add args [ 'platzigram-db@file:../platzigram-db', null ]
625 verbose cache add spec platzigram-db@file:../platzigram-db
626 silly cache add parsed spec Result {
626 silly cache add   raw: 'platzigram-db@file:../platzigram-db',
626 silly cache add   scope: null,
626 silly cache add   escapedName: 'platzigram-db',
626 silly cache add   name: 'platzigram-db',
626 silly cache add   rawSpec: 'file:../platzigram-db',
626 silly cache add   spec: '/home/javier/Desktop/PlatziProjects/Profesional_de_Node.js_y_JavaScript/platzigram/node_modules/platzigram-db',
626 silly cache add   type: 'local' }
627 error addLocal Could not install /home/javier/Desktop/PlatziProjects/Profesional_de_Node.js_y_JavaScript/platzigram/node_modules/platzigram-db
628 silly fetchPackageMetaData Error: ENOENT: no such file or directory, open '/home/javier/Desktop/PlatziProjects/Profesional_de_Node.js_y_JavaScript/platzigram/node_modules/platzigram-db'
628 silly fetchPackageMetaData     at Error (native)
628 silly fetchPackageMetaData  error for platzigram-db@file:../platzigram-db { Error: ENOENT: no such file or directory, open '/home/javier/Desktop/PlatziProjects/Profesional_de_Node.js_y_JavaScript/platzigram/node_modules/platzigram-db'
628 silly fetchPackageMetaData     at Error (native)
628 silly fetchPackageMetaData   errno: -2,
628 silly fetchPackageMetaData   code: 'ENOENT',
628 silly fetchPackageMetaData   syscall: 'open',
628 silly fetchPackageMetaData   path: '/home/javier/Desktop/PlatziProjects/Profesional_de_Node.js_y_JavaScript/platzigram/node_modules/platzigram-db' }
629 silly rollbackFailedOptional Starting
630 silly rollbackFailedOptional Finishing
631 silly runTopLevelLifecycles Finishing
632 silly install printInstalled
633 warn optional SKIPPING OPTIONAL DEPENDENCY: fsevents@^1.0.0 (node_modules/chokidar/node_modules/fsevents):
634 warn notsup SKIPPING OPTIONAL DEPENDENCY: Unsupported platform for fsevents@1.1.1: wanted {"os":"darwin","arch":"any"} (current: {"os":"linux","arch":"x64"})
635 verbose notsup SKIPPING OPTIONAL DEPENDENCY: Valid OS:    darwin
635 verbose notsup SKIPPING OPTIONAL DEPENDENCY: Valid Arch:  any
635 verbose notsup SKIPPING OPTIONAL DEPENDENCY: Actual OS:   linux
635 verbose notsup SKIPPING OPTIONAL DEPENDENCY: Actual Arch: x64
636 verbose stack Error: ENOENT: no such file or directory, open '/home/javier/Desktop/PlatziProjects/Profesional_de_Node.js_y_JavaScript/platzigram/node_modules/platzigram-db'
636 verbose stack     at Error (native)
637 verbose cwd /home/javier/Desktop/PlatziProjects/Profesional_de_Node.js_y_JavaScript/platzigram
638 error Linux 4.4.0-75-generic
639 error argv "/usr/bin/nodejs" "/usr/bin/npm" "i" "--save" "jsonwebtoken"
640 error node v6.10.3
641 error npm  v3.10.10
642 error path /home/javier/Desktop/PlatziProjects/Profesional_de_Node.js_y_JavaScript/platzigram/node_modules/platzigram-db
643 error code ENOENT
644 error errno -2
645 error syscall open
646 error enoent ENOENT: no such file or directory, open '/home/javier/Desktop/PlatziProjects/Profesional_de_Node.js_y_JavaScript/platzigram/node_modules/platzigram-db'
647 error enoent ENOENT: no such file or directory, open '/home/javier/Desktop/PlatziProjects/Profesional_de_Node.js_y_JavaScript/platzigram/node_modules/platzigram-db'
647 error enoent This is most likely not a problem with npm itself
647 error enoent and is related to npm not being able to find a file.
648 verbose exit [ -2, true ]
